\BOOKMARK [0][-]{chapter.1}{\376\377\176\352\213\272}{}% 1
\BOOKMARK [1][-]{section.1.1}{\376\377\170\024\172\166\200\314\146\157\116\016\141\017\116\111}{chapter.1}% 2
\BOOKMARK [1][-]{section.1.2}{\376\377\126\375\121\205\131\026\170\024\172\166\163\260\162\266}{chapter.1}% 3
\BOOKMARK [1][-]{section.1.3}{\376\377\147\054\145\207\116\073\211\201\135\345\117\134}{chapter.1}% 4
\BOOKMARK [1][-]{section.1.4}{\376\377\213\272\145\207\176\304\176\307\176\323\147\204}{chapter.1}% 5
\BOOKMARK [0][-]{chapter.2}{\376\377\166\370\121\163\164\006\213\272\116\016\127\372\170\100\167\345\213\306}{}% 6
\BOOKMARK [1][-]{section.2.1}{\376\377\127\372\147\054\151\202\137\365}{chapter.2}% 7
\BOOKMARK [1][-]{section.2.2}{\376\377\121\154\137\017\143\222\162\110\171\072\117\213}{chapter.2}% 8
\BOOKMARK [1][-]{section.2.3}{\376\377\121\163\225\056\142\200\147\057}{chapter.2}% 9
\BOOKMARK [1][-]{section.2.4}{\376\377\147\054\172\340\134\017\176\323}{chapter.2}% 10
\BOOKMARK [0][-]{chapter.3}{\376\377\227\000\154\102\122\006\147\220\116\016\145\271\150\110\213\276\213\241}{}% 11
\BOOKMARK [1][-]{section.3.1}{\376\377\227\000\154\102\122\006\147\220}{chapter.3}% 12
\BOOKMARK [2][-]{subsection.3.1.1}{\376\377\122\237\200\375\140\047\227\000\154\102}{section.3.1}% 13
\BOOKMARK [2][-]{subsection.3.1.2}{\376\377\227\136\122\237\200\375\140\047\227\000\154\102}{section.3.1}% 14
\BOOKMARK [1][-]{section.3.2}{\376\377\140\073\117\123\145\271\150\110}{chapter.3}% 15
\BOOKMARK [1][-]{section.3.3}{\376\377\142\200\147\057\215\357\176\277}{chapter.3}% 16
\BOOKMARK [1][-]{section.3.4}{\376\377\147\054\172\340\134\017\176\323}{chapter.3}% 17
\BOOKMARK [0][-]{chapter.4}{\376\377\174\373\176\337\133\236\163\260}{}% 18
\BOOKMARK [1][-]{section.4.1}{\376\377\152\041\127\127\122\022\122\006\116\016\145\164\117\123\176\323\147\204}{chapter.4}% 19
\BOOKMARK [1][-]{section.4.2}{\376\377\126\376\162\107\143\222\162\110\171\072\117\213}{chapter.4}% 20
\BOOKMARK [1][-]{section.4.3}{\376\377\121\163\225\056\173\227\154\325}{chapter.4}% 21
\BOOKMARK [1][-]{section.4.4}{\376\377\150\070\137\303\155\101\172\013}{chapter.4}% 22
\BOOKMARK [1][-]{section.4.5}{\376\377\147\054\172\340\134\017\176\323}{chapter.4}% 23
\BOOKMARK [0][-]{chapter.5}{\376\377\133\236\232\214\116\016\176\323\147\234\122\006\147\220}{}% 24
\BOOKMARK [1][-]{section.5.1}{\376\377\133\236\232\214\163\257\130\203\116\016\145\160\143\156\226\306}{chapter.5}% 25
\BOOKMARK [1][-]{section.5.2}{\376\377\210\150\150\074\143\222\162\110\171\072\117\213}{chapter.5}% 26
\BOOKMARK [1][-]{section.5.3}{\376\377\133\236\232\214\145\271\150\110}{chapter.5}% 27
\BOOKMARK [1][-]{section.5.4}{\376\377\133\236\232\214\176\323\147\234}{chapter.5}% 28
\BOOKMARK [1][-]{section.5.5}{\376\377\176\323\147\234\213\250\213\272}{chapter.5}% 29
\BOOKMARK [1][-]{section.5.6}{\376\377\147\054\172\340\134\017\176\323}{chapter.5}% 30
\BOOKMARK [0][-]{chapter.6}{\376\377\140\073\176\323\116\016\134\125\147\033}{}% 31
\BOOKMARK [1][-]{section.6.1}{\376\377\121\150\145\207\140\073\176\323}{chapter.6}% 32
\BOOKMARK [1][-]{section.6.2}{\376\377\135\345\117\134\134\125\147\033}{chapter.6}% 33
\BOOKMARK [0][-]{chapter*.12}{\376\377\123\302\200\003\145\207\163\056}{}% 34
\BOOKMARK [0][-]{chapter*.13}{\376\377\201\364\214\042}{}% 35
\BOOKMARK [0][-]{appx.6.1}{\376\377\226\104\137\125\000A}{}% 36
